app/build/outputs/logs/manifest-merger-release-report.txt
-- Merging decision tree log ---
manifest
ADDED from src\main\AndroidManifest.xml:2:1-80:12
INJECTED from src\main\AndroidManifest.xml:2:1-80:12
INJECTED from src\main\AndroidManifest.xml:2:1-80:12
INJECTED from src\main\AndroidManifest.xml:2:1-80:12
MERGED from [io.paperdb:paperdb:2.5] AndroidManifest.xml:2:1-14:12
MERGED from [com.android.support:appcompat-v7:28.0.0] AndroidManifest.xml:17:1-22:12
MERGED from [com.android.support.constraint:constraint-layout:1.1.3] AndroidManifest.xml:2:1-11:12
MERGED from [com.google.android.gms:play-services-ads:17.1.2] AndroidManifest.xml:17:1-25:12
MERGED from [com.android.support:customtabs:28.0.0] AndroidManifest.xml:17:1-22:12
MERGED from [com.google.android.gms:play-services-ads-identifier:16.0.0] AndroidManifest.xml:17:1-24:12
MERGED from [com.google.android.gms:play-services-ads-lite:17.1.2] AndroidManifest.xml:17:1-42:12
MERGED from [com.google.android.gms:play-services-gass:17.1.2] AndroidManifest.xml:2:1-9:12
MERGED from [com.google.android.gms:play-services-measurement-sdk-api:16.0.4] AndroidManifest.xml:17:1-30:12
MERGED from [com.google.android.gms:play-services-measurement-base:16.0.5] AndroidManifest.xml:2:1-9:12
MERGED from [com.google.android.gms:play-services-basement:16.0.1] AndroidManifest.xml:17:1-28:12
MERGED from [com.android.support:support-v4:28.0.0] AndroidManifest.xml:17:1-22:12
MERGED from [com.android.support:support-media-compat:28.0.0] AndroidManifest.xml:17:1-22:12
MERGED from [com.android.support:support-fragment:28.0.0] AndroidManifest.xml:17:1-22:12
MERGED from [com.android.support:animated-vector-drawable:28.0.0] AndroidManifest.xml:17:1-22:12
MERGED from [com.android.support:support-core-ui:28.0.0] AndroidManifest.xml:17:1-22:12
MERGED from [com.android.support:support-core-utils:28.0.0] AndroidManifest.xml:17:1-22:12
MERGED from [com.android.support:support-vector-drawable:28.0.0] AndroidManifest.xml:17:1-22:12
MERGED from [com.android.support:loader:28.0.0] AndroidManifest.xml:17:1-22:12
MERGED from [com.android.support:viewpager:28.0.0] AndroidManifest.xml:17:1-22:12
MERGED from [com.android.support:coordinatorlayout:28.0.0] AndroidManifest.xml:17:1-22:12
MERGED from [com.android.support:drawerlayout:28.0.0] AndroidManifest.xml:17:1-22:12
MERGED from [com.android.support:slidingpanelayout:28.0.0] AndroidManifest.xml:17:1-22:12
MERGED from [com.android.support:customview:28.0.0] AndroidManifest.xml:17:1-22:12
MERGED from [com.android.support:swiperefreshlayout:28.0.0] AndroidManifest.xml:17:1-22:12
MERGED from [com.android.support:asynclayoutinflater:28.0.0] AndroidManifest.xml:17:1-22:12
MERGED from [com.android.support:support-compat:28.0.0] AndroidManifest.xml:17:1-24:12
MERGED from [com.android.support:versionedparcelable:28.0.0] AndroidManifest.xml:17:1-25:12
MERGED from [com.android.support:cursoradapter:28.0.0] AndroidManifest.xml:17:1-22:12
MERGED from [android.arch.lifecycle:runtime:1.1.1] AndroidManifest.xml:17:1-22:12
MERGED from [com.android.support:documentfile:28.0.0] AndroidManifest.xml:17:1-22:12
MERGED from [com.android.support:localbroadcastmanager:28.0.0] AndroidManifest.xml:17:1-22:12
MERGED from [com.android.support:print:28.0.0] AndroidManifest.xml:17:1-22:12
MERGED from [android.arch.lifecycle:viewmodel:1.1.1] AndroidManifest.xml:17:1-22:12
MERGED from [com.android.support:interpolator:28.0.0] AndroidManifest.xml:17:1-22:12
MERGED from [android.arch.lifecycle:livedata:1.1.1] AndroidManifest.xml:17:1-22:12
MERGED from [android.arch.lifecycle:livedata-core:1.1.1] AndroidManifest.xml:17:1-22:12
MERGED from [android.arch.core:runtime:1.1.1] AndroidManifest.xml:17:1-22:12
MERGED from [com.google.android.gms:play-services-ads-base:17.1.2] AndroidManifest.xml:2:1-9:12
INJECTED from src\main\AndroidManifest.xml:2:1-80:12
INJECTED from src\main\AndroidManifest.xml:2:1-80:12
INJECTED from src\main\AndroidManifest.xml:2:1-80:12
	package
		ADDED from src\main\AndroidManifest.xml:3:5-39
		INJECTED from src\main\AndroidManifest.xml
		INJECTED from src\main\AndroidManifest.xml
	android:versionName
		INJECTED from src\main\AndroidManifest.xml
		ADDED from src\main\AndroidManifest.xml:2:1-80:12
		INJECTED from src\main\AndroidManifest.xml
	android:versionCode
		INJECTED from src\main\AndroidManifest.xml
		ADDED from src\main\AndroidManifest.xml:2:1-80:12
		INJECTED from src\main\AndroidManifest.xml
	xmlns:android
		ADDED from src\main\AndroidManifest.xml:2:11-69
supports-screens
ADDED from src\main\AndroidManifest.xml:5:5-9:41
	android:largeScreens
		ADDED from src\main\AndroidManifest.xml:6:9-37
	android:smallScreens
		ADDED from src\main\AndroidManifest.xml:8:9-36
	android:normalScreens
		ADDED from src\main\AndroidManifest.xml:7:9-37
	android:xlargeScreens
		ADDED from src\main\AndroidManifest.xml:9:9-38
application
ADDED from src\main\AndroidManifest.xml:11:5-78:19
MERGED from [io.paperdb:paperdb:2.5] AndroidManifest.xml:12:5-20
MERGED from [io.paperdb:paperdb:2.5] AndroidManifest.xml:12:5-20
MERGED from [com.android.support.constraint:constraint-layout:1.1.3] AndroidManifest.xml:9:5-20
MERGED from [com.android.support.constraint:constraint-layout:1.1.3] AndroidManifest.xml:9:5-20
MERGED from [com.google.android.gms:play-services-ads-identifier:16.0.0] AndroidManifest.xml:22:5-20
MERGED from [com.google.android.gms:play-services-ads-identifier:16.0.0] AndroidManifest.xml:22:5-20
MERGED from [com.google.android.gms:play-services-ads-lite:17.1.2] AndroidManifest.xml:26:5-40:19
MERGED from [com.google.android.gms:play-services-ads-lite:17.1.2] AndroidManifest.xml:26:5-40:19
MERGED from [com.google.android.gms:play-services-gass:17.1.2] AndroidManifest.xml:7:5-20
MERGED from [com.google.android.gms:play-services-gass:17.1.2] AndroidManifest.xml:7:5-20
MERGED from [com.google.android.gms:play-services-measurement-sdk-api:16.0.4] AndroidManifest.xml:27:5-28:19
MERGED from [com.google.android.gms:play-services-measurement-sdk-api:16.0.4] AndroidManifest.xml:27:5-28:19
MERGED from [com.google.android.gms:play-services-measurement-base:16.0.5] AndroidManifest.xml:7:5-20
MERGED from [com.google.android.gms:play-services-measurement-base:16.0.5] AndroidManifest.xml:7:5-20
MERGED from [com.google.android.gms:play-services-basement:16.0.1] AndroidManifest.xml:22:5-26:19
MERGED from [com.google.android.gms:play-services-basement:16.0.1] AndroidManifest.xml:22:5-26:19
MERGED from [com.android.support:support-compat:28.0.0] AndroidManifest.xml:22:5-94
MERGED from [com.android.support:support-compat:28.0.0] AndroidManifest.xml:22:5-94
MERGED from [com.android.support:versionedparcelable:28.0.0] AndroidManifest.xml:22:5-23:19
MERGED from [com.android.support:versionedparcelable:28.0.0] AndroidManifest.xml:22:5-23:19
MERGED from [com.google.android.gms:play-services-ads-base:17.1.2] AndroidManifest.xml:7:5-20
MERGED from [com.google.android.gms:play-services-ads-base:17.1.2] AndroidManifest.xml:7:5-20
	android:appComponentFactory
		ADDED from [com.android.support:support-compat:28.0.0] AndroidManifest.xml:22:18-91
	android:supportsRtl
		ADDED from src\main\AndroidManifest.xml:17:9-35
	android:label
		ADDED from src\main\AndroidManifest.xml:14:9-41
	android:roundIcon
		ADDED from src\main\AndroidManifest.xml:16:9-42
	android:largeHeap
		ADDED from src\main\AndroidManifest.xml:15:9-33
	android:icon
		ADDED from src\main\AndroidManifest.xml:13:9-37
	android:allowBackup
		ADDED from src\main\AndroidManifest.xml:12:9-35
	android:theme
		ADDED from src\main\AndroidManifest.xml:18:9-40
activity#wunderlabs.com.Millennio.splashActivity
ADDED from src\main\AndroidManifest.xml:19:9-30:20
	android:screenOrientation
		ADDED from src\main\AndroidManifest.xml:21:13-49
	android:name
		ADDED from src\main\AndroidManifest.xml:20:13-43
intent-filter#action:name:android.intent.action.VIEW
ADDED from src\main\AndroidManifest.xml:22:13-24:29
	android:label
		ADDED from src\main\AndroidManifest.xml:22:28-47
action#android.intent.action.VIEW
ADDED from src\main\AndroidManifest.xml:23:17-69
	android:name
		ADDED from src\main\AndroidManifest.xml:23:25-66
intent-filter#action:name:android.intent.action.MAIN+category:name:android.intent.category.LAUNCHER
ADDED from src\main\AndroidManifest.xml:25:13-29:29
action#android.intent.action.MAIN
ADDED from src\main\AndroidManifest.xml:26:17-69
	android:name
		ADDED from src\main\AndroidManifest.xml:26:25-66
category#android.intent.category.LAUNCHER
ADDED from src\main\AndroidManifest.xml:28:17-77
	android:name
		ADDED from src\main\AndroidManifest.xml:28:27-74
activity#wunderlabs.com.Millennio.singleplayerGameActivity
ADDED from src\main\AndroidManifest.xml:31:9-33:52
	android:screenOrientation
		ADDED from src\main\AndroidManifest.xml:33:13-49
	android:name
		ADDED from src\main\AndroidManifest.xml:32:13-53
activity#wunderlabs.com.Millennio.singleplayerStartActivity
ADDED from src\main\AndroidManifest.xml:34:9-36:52
	android:screenOrientation
		ADDED from src\main\AndroidManifest.xml:36:13-49
	android:name
		ADDED from src\main\AndroidManifest.xml:35:13-54
activity#wunderlabs.com.Millennio.singleplayerResultActivity
ADDED from src\main\AndroidManifest.xml:37:9-39:52
	android:screenOrientation
		ADDED from src\main\AndroidManifest.xml:39:13-49
	android:name
		ADDED from src\main\AndroidManifest.xml:38:13-55
activity#wunderlabs.com.Millennio.singleplayerAnswerActivity
ADDED from src\main\AndroidManifest.xml:40:9-42:52
	android:screenOrientation
		ADDED from src\main\AndroidManifest.xml:42:13-49
	android:name
		ADDED from src\main\AndroidManifest.xml:41:13-55
activity#wunderlabs.com.Millennio.singleplayerCategoryActivity
ADDED from src\main\AndroidManifest.xml:43:9-45:52
	android:screenOrientation
		ADDED from src\main\AndroidManifest.xml:45:13-49
	android:name
		ADDED from src\main\AndroidManifest.xml:44:13-57
activity#wunderlabs.com.Millennio.multiplayerCategoryActivity
ADDED from src\main\AndroidManifest.xml:46:9-48:52
	android:screenOrientation
		ADDED from src\main\AndroidManifest.xml:48:13-49
	android:name
		ADDED from src\main\AndroidManifest.xml:47:13-56
activity#wunderlabs.com.Millennio.multiplayerGameActivity
ADDED from src\main\AndroidManifest.xml:49:9-51:52
	android:screenOrientation
		ADDED from src\main\AndroidManifest.xml:51:13-49
	android:name
		ADDED from src\main\AndroidManifest.xml:50:13-52
activity#wunderlabs.com.Millennio.multiplayerStartp1Activity
ADDED from src\main\AndroidManifest.xml:52:9-54:52
	android:screenOrientation
		ADDED from src\main\AndroidManifest.xml:54:13-49
	android:name
		ADDED from src\main\AndroidManifest.xml:53:13-55
activity#wunderlabs.com.Millennio.multiplayerStartp2Activity
ADDED from src\main\AndroidManifest.xml:55:9-57:52
	android:screenOrientation
		ADDED from src\main\AndroidManifest.xml:57:13-49
	android:name
		ADDED from src\main\AndroidManifest.xml:56:13-55
activity#wunderlabs.com.Millennio.multiplayerAnswerActivity
ADDED from src\main\AndroidManifest.xml:58:9-60:52
	android:screenOrientation
		ADDED from src\main\AndroidManifest.xml:60:13-49
	android:name
		ADDED from src\main\AndroidManifest.xml:59:13-54
activity#wunderlabs.com.Millennio.multiplayerResultActivity
ADDED from src\main\AndroidManifest.xml:61:9-63:52
	android:screenOrientation
		ADDED from src\main\AndroidManifest.xml:63:13-49
	android:name
		ADDED from src\main\AndroidManifest.xml:62:13-54
activity#wunderlabs.com.Millennio.multiplayerStartActivity
ADDED from src\main\AndroidManifest.xml:64:9-66:52
	android:screenOrientation
		ADDED from src\main\AndroidManifest.xml:66:13-49
	android:name
		ADDED from src\main\AndroidManifest.xml:65:13-53
activity#wunderlabs.com.Millennio.aMainActivity
ADDED from src\main\AndroidManifest.xml:67:9-69:52
	android:screenOrientation
		ADDED from src\main\AndroidManifest.xml:69:13-49
	android:name
		ADDED from src\main\AndroidManifest.xml:68:13-42
activity#wunderlabs.com.Millennio.tutorial1
ADDED from src\main\AndroidManifest.xml:70:9-72:61
	android:screenOrientation
		ADDED from src\main\AndroidManifest.xml:72:13-49
	android:name
		ADDED from src\main\AndroidManifest.xml:71:13-38
meta-data#com.google.android.gms.ads.APPLICATION_ID
ADDED from src\main\AndroidManifest.xml:74:9-76:70
	android:value
		ADDED from src\main\AndroidManifest.xml:76:13-67
	android:name
		ADDED from src\main\AndroidManifest.xml:75:13-69
uses-sdk
INJECTED from src\main\AndroidManifest.xml reason: use-sdk injection requested
INJECTED from src\main\AndroidManifest.xml
INJECTED from src\main\AndroidManifest.xml
MERGED from [io.paperdb:paperdb:2.5] AndroidManifest.xml:8:5-10:41
MERGED from [io.paperdb:paperdb:2.5] AndroidManifest.xml:8:5-10:41
MERGED from [com.android.support:appcompat-v7:28.0.0] AndroidManifest.xml:20:5-44
MERGED from [com.android.support:appcompat-v7:28.0.0] AndroidManifest.xml:20:5-44
MERGED from [com.android.support.constraint:constraint-layout:1.1.3] AndroidManifest.xml:5:5-7:41
MERGED from [com.android.support.constraint:constraint-layout:1.1.3] AndroidManifest.xml:5:5-7:41
MERGED from [com.google.android.gms:play-services-ads:17.1.2] AndroidManifest.xml:21:5-23:62
MERGED from [com.google.android.gms:play-services-ads:17.1.2] AndroidManifest.xml:21:5-23:62
MERGED from [com.android.support:customtabs:28.0.0] AndroidManifest.xml:20:5-44
MERGED from [com.android.support:customtabs:28.0.0] AndroidManifest.xml:20:5-44
MERGED from [com.google.android.gms:play-services-ads-identifier:16.0.0] AndroidManifest.xml:20:5-44
MERGED from [com.google.android.gms:play-services-ads-identifier:16.0.0] AndroidManifest.xml:20:5-44
MERGED from [com.google.android.gms:play-services-ads-lite:17.1.2] AndroidManifest.xml:20:5-44
MERGED from [com.google.android.gms:play-services-ads-lite:17.1.2] AndroidManifest.xml:20:5-44
MERGED from [com.google.android.gms:play-services-gass:17.1.2] AndroidManifest.xml:5:5-44
MERGED from [com.google.android.gms:play-services-gass:17.1.2] AndroidManifest.xml:5:5-44
MERGED from [com.google.android.gms:play-services-measurement-sdk-api:16.0.4] AndroidManifest.xml:20:5-44
MERGED from [com.google.android.gms:play-services-measurement-sdk-api:16.0.4] AndroidManifest.xml:20:5-44
MERGED from [com.google.android.gms:play-services-measurement-base:16.0.5] AndroidManifest.xml:5:5-44
MERGED from [com.google.android.gms:play-services-measurement-base:16.0.5] AndroidManifest.xml:5:5-44
MERGED from [com.google.android.gms:play-services-basement:16.0.1] AndroidManifest.xml:20:5-44
MERGED from [com.google.android.gms:play-services-basement:16.0.1] AndroidManifest.xml:20:5-44
MERGED from [com.android.support:support-v4:28.0.0] AndroidManifest.xml:20:5-44
MERGED from [com.android.support:support-v4:28.0.0] AndroidManifest.xml:20:5-44
MERGED from [com.android.support:support-media-compat:28.0.0] AndroidManifest.xml:20:5-44
MERGED from [com.android.support:support-media-compat:28.0.0] AndroidManifest.xml:20:5-44
MERGED from [com.android.support:support-fragment:28.0.0] AndroidManifest.xml:20:5-44
MERGED from [com.android.support:support-fragment:28.0.0] AndroidManifest.xml:20:5-44
MERGED from [com.android.support:animated-vector-drawable:28.0.0] AndroidManifest.xml:20:5-44
MERGED from [com.android.support:animated-vector-drawable:28.0.0] AndroidManifest.xml:20:5-44
MERGED from [com.android.support:support-core-ui:28.0.0] AndroidManifest.xml:20:5-44
MERGED from [com.android.support:support-core-ui:28.0.0] AndroidManifest.xml:20:5-44
MERGED from [com.android.support:support-core-utils:28.0.0] AndroidManifest.xml:20:5-44
MERGED from [com.android.support:support-core-utils:28.0.0] AndroidManifest.xml:20:5-44
MERGED from [com.android.support:support-vector-drawable:28.0.0] AndroidManifest.xml:20:5-44
MERGED from [com.android.support:support-vector-drawable:28.0.0] AndroidManifest.xml:20:5-44
MERGED from [com.android.support:loader:28.0.0] AndroidManifest.xml:20:5-44
MERGED from [com.android.support:loader:28.0.0] AndroidManifest.xml:20:5-44
MERGED from [com.android.support:viewpager:28.0.0] AndroidManifest.xml:20:5-44
MERGED from [com.android.support:viewpager:28.0.0] AndroidManifest.xml:20:5-44
MERGED from [com.android.support:coordinatorlayout:28.0.0] AndroidManifest.xml:20:5-44
MERGED from [com.android.support:coordinatorlayout:28.0.0] AndroidManifest.xml:20:5-44
MERGED from [com.android.support:drawerlayout:28.0.0] AndroidManifest.xml:20:5-44
MERGED from [com.android.support:drawerlayout:28.0.0] AndroidManifest.xml:20:5-44
MERGED from [com.android.support:slidingpanelayout:28.0.0] AndroidManifest.xml:20:5-44
MERGED from [com.android.support:slidingpanelayout:28.0.0] AndroidManifest.xml:20:5-44
MERGED from [com.android.support:customview:28.0.0] AndroidManifest.xml:20:5-44
MERGED from [com.android.support:customview:28.0.0] AndroidManifest.xml:20:5-44
MERGED from [com.android.support:swiperefreshlayout:28.0.0] AndroidManifest.xml:20:5-44
MERGED from [com.android.support:swiperefreshlayout:28.0.0] AndroidManifest.xml:20:5-44
MERGED from [com.android.support:asynclayoutinflater:28.0.0] AndroidManifest.xml:20:5-44
MERGED from [com.android.support:asynclayoutinflater:28.0.0] AndroidManifest.xml:20:5-44
MERGED from [com.android.support:support-compat:28.0.0] AndroidManifest.xml:20:5-44
MERGED from [com.android.support:support-compat:28.0.0] AndroidManifest.xml:20:5-44
MERGED from [com.android.support:versionedparcelable:28.0.0] AndroidManifest.xml:20:5-44
MERGED from [com.android.support:versionedparcelable:28.0.0] AndroidManifest.xml:20:5-44
MERGED from [com.android.support:cursoradapter:28.0.0] AndroidManifest.xml:20:5-44
MERGED from [com.android.support:cursoradapter:28.0.0] AndroidManifest.xml:20:5-44
MERGED from [android.arch.lifecycle:runtime:1.1.1] AndroidManifest.xml:20:5-44
MERGED from [android.arch.lifecycle:runtime:1.1.1] AndroidManifest.xml:20:5-44
MERGED from [com.android.support:documentfile:28.0.0] AndroidManifest.xml:20:5-44
MERGED from [com.android.support:documentfile:28.0.0] AndroidManifest.xml:20:5-44
MERGED from [com.android.support:localbroadcastmanager:28.0.0] AndroidManifest.xml:20:5-44
MERGED from [com.android.support:localbroadcastmanager:28.0.0] AndroidManifest.xml:20:5-44
MERGED from [com.android.support:print:28.0.0] AndroidManifest.xml:20:5-44
MERGED from [com.android.support:print:28.0.0] AndroidManifest.xml:20:5-44
MERGED from [android.arch.lifecycle:viewmodel:1.1.1] AndroidManifest.xml:20:5-44
MERGED from [android.arch.lifecycle:viewmodel:1.1.1] AndroidManifest.xml:20:5-44
MERGED from [com.android.support:interpolator:28.0.0] AndroidManifest.xml:20:5-44
MERGED from [com.android.support:interpolator:28.0.0] AndroidManifest.xml:20:5-44
MERGED from [android.arch.lifecycle:livedata:1.1.1] AndroidManifest.xml:20:5-44
MERGED from [android.arch.lifecycle:livedata:1.1.1] AndroidManifest.xml:20:5-44
MERGED from [android.arch.lifecycle:livedata-core:1.1.1] AndroidManifest.xml:20:5-44
MERGED from [android.arch.lifecycle:livedata-core:1.1.1] AndroidManifest.xml:20:5-44
MERGED from [android.arch.core:runtime:1.1.1] AndroidManifest.xml:20:5-44
MERGED from [android.arch.core:runtime:1.1.1] AndroidManifest.xml:20:5-44
MERGED from [com.google.android.gms:play-services-ads-base:17.1.2] AndroidManifest.xml:5:5-44
MERGED from [com.google.android.gms:play-services-ads-base:17.1.2] AndroidManifest.xml:5:5-44
INJECTED from src\main\AndroidManifest.xml
INJECTED from src\main\AndroidManifest.xml
	tools:overrideLibrary
		ADDED from [com.google.android.gms:play-services-ads:17.1.2] AndroidManifest.xml:23:9-59
	android:targetSdkVersion
		INJECTED from src\main\AndroidManifest.xml
		ADDED from src\main\AndroidManifest.xml
		INJECTED from src\main\AndroidManifest.xml
	android:minSdkVersion
		INJECTED from src\main\AndroidManifest.xml
		ADDED from src\main\AndroidManifest.xml
		INJECTED from src\main\AndroidManifest.xml
uses-permission#android.permission.INTERNET
ADDED from [com.google.android.gms:play-services-ads-lite:17.1.2] AndroidManifest.xml:23:5-67
MERGED from [com.google.android.gms:play-services-measurement-sdk-api:16.0.4] AndroidManifest.xml:23:5-67
MERGED from [com.google.android.gms:play-services-measurement-sdk-api:16.0.4] AndroidManifest.xml:23:5-67
	android:name
		ADDED from [com.google.android.gms:play-services-ads-lite:17.1.2] AndroidManifest.xml:23:22-64
uses-permission#android.permission.ACCESS_NETWORK_STATE
ADDED from [com.google.android.gms:play-services-ads-lite:17.1.2] AndroidManifest.xml:24:5-79
MERGED from [com.google.android.gms:play-services-measurement-sdk-api:16.0.4] AndroidManifest.xml:24:5-79
MERGED from [com.google.android.gms:play-services-measurement-sdk-api:16.0.4] AndroidManifest.xml:24:5-79
	android:name
		ADDED from [com.google.android.gms:play-services-ads-lite:17.1.2] AndroidManifest.xml:24:22-76
activity#com.google.android.gms.ads.AdActivity
ADDED from [com.google.android.gms:play-services-ads-lite:17.1.2] AndroidManifest.xml:29:9-33:64
	android:exported
		ADDED from [com.google.android.gms:play-services-ads-lite:17.1.2] AndroidManifest.xml:32:13-37
	android:configChanges
		ADDED from [com.google.android.gms:play-services-ads-lite:17.1.2] AndroidManifest.xml:31:13-122
	android:theme
		ADDED from [com.google.android.gms:play-services-ads-lite:17.1.2] AndroidManifest.xml:33:13-61
	android:name
		ADDED from [com.google.android.gms:play-services-ads-lite:17.1.2] AndroidManifest.xml:30:13-65
provider#com.google.android.gms.ads.MobileAdsInitProvider
ADDED from [com.google.android.gms:play-services-ads-lite:17.1.2] AndroidManifest.xml:35:9-39:39
	android:authorities
		ADDED from [com.google.android.gms:play-services-ads-lite:17.1.2] AndroidManifest.xml:37:13-73
	android:exported
		ADDED from [com.google.android.gms:play-services-ads-lite:17.1.2] AndroidManifest.xml:38:13-37
	android:initOrder
		ADDED from [com.google.android.gms:play-services-ads-lite:17.1.2] AndroidManifest.xml:39:13-36
	android:name
		ADDED from [com.google.android.gms:play-services-ads-lite:17.1.2] AndroidManifest.xml:36:13-76
uses-permission#android.permission.WAKE_LOCK
ADDED from [com.google.android.gms:play-services-measurement-sdk-api:16.0.4] AndroidManifest.xml:25:5-68
	android:name
		ADDED from [com.google.android.gms:play-services-measurement-sdk-api:16.0.4] AndroidManifest.xml:25:22-65
meta-data#com.google.android.gms.version
ADDED from [com.google.android.gms:play-services-basement:16.0.1] AndroidManifest.xml:23:9-25:69
	android:value
		ADDED from [com.google.android.gms:play-services-basement:16.0.1] AndroidManifest.xml:25:13-66
	android:name
		ADDED from [com.google.android.gms:play-services-basement:16.0.1] AndroidManifest.xml:24:13-58